Command line:
   bcd7segementos_isim_beh.exe
     -simmode  gui
     -simrunnum  1
     -socket  51461

Wed Sep 23 00:12:39 2020


 Elaboration Time: 0.046875 sec

 Current Memory Usage: 4687.83 Meg

 Total Signals          : 3
 Total Nets             : 13
 Total Signal Drivers   : 2
 Total Blocks           : 2
 Total Primitive Blocks : 2
 Total Processes        : 2
 Total Traceable Variables  : 8
 Total Scalar Nets and Variables : 373
In process bcd7segementos.vhd:43 
 

 Total Simulation Time: 0.0625 sec

 Current Memory Usage: 4687.83 Meg

Wed Sep 23 00:18:16 2020

